<?xml version="1.0" encoding="UTF-8"?>
<!-- Generated by org.testng.reporters.JUnitReportReporter -->
<testsuite hostname="DESKTOP-1H95V0P" failures="0" tests="1" name="AndroidApp" time="94.199" errors="0" timestamp="2022-12-06T18:14:33 IST" skipped="0">
  <testcase classname="AndroidApp" name="AndroidApp1" time="94.199"/>
  <system-out/>
</testsuite> <!-- AndroidApp -->
