<?xml version="1.0" encoding="UTF-8"?>
<!-- Generated by org.testng.reporters.JUnitReportReporter -->
<testsuite hostname="DESKTOP-1H95V0P" failures="0" tests="1" name="Seekbar" time="95.004" errors="0" timestamp="2022-12-08T11:39:55 IST" skipped="0">
  <testcase classname="Seekbar" name="AndroidApp1" time="95.004"/>
  <system-out/>
</testsuite> <!-- Seekbar -->
